2022-10-03 20:16:54,325 INFO o.h.v.i.u.Version [background-preinit] HV000001: Hibernate Validator 6.2.0.Final
2022-10-03 20:16:54,407 INFO o.s.b.StartupInfoLogger [restartedMain] Starting SuperheroesApplication using Java 17.0.4.1 on Devlins-MacBook-Pro.local with PID 89529 (/Users/inmetadeveloper/Desktop/Book/Full-Stack-Web-Development-with-Spring-Boot-and-Angular/Chapter-09/superheroes/target/classes started by inmetadeveloper in /Users/inmetadeveloper/Desktop/Book/Full-Stack-Web-Development-with-Spring-Boot-and-Angular/Chapter-09/superheroes)
2022-10-03 20:16:54,411 DEBUG o.s.b.StartupInfoLogger [restartedMain] Running with Spring Boot v2.6.2, Spring v5.3.14
2022-10-03 20:16:54,412 INFO o.s.b.SpringApplication [restartedMain] No active profile set, falling back to default profiles: default
2022-10-03 20:16:54,457 INFO o.s.b.l.DeferredLog [restartedMain] Devtools property defaults active! Set 'spring.devtools.add-properties' to 'false' to disable
2022-10-03 20:16:54,458 INFO o.s.b.l.DeferredLog [restartedMain] For additional web related logging consider setting the 'logging.level.web' property to 'DEBUG'
2022-10-03 20:16:55,327 INFO o.s.d.r.c.RepositoryConfigurationDelegate [restartedMain] Multiple Spring Data modules found, entering strict repository configuration mode!
2022-10-03 20:16:55,338 INFO o.s.d.r.c.RepositoryConfigurationDelegate [restartedMain] Bootstrapping Spring Data JPA repositories in DEFAULT mode.
2022-10-03 20:16:55,519 INFO o.s.d.r.c.RepositoryConfigurationDelegate [restartedMain] Finished Spring Data repository scanning in 173 ms. Found 2 JPA repository interfaces.
2022-10-03 20:16:55,531 INFO o.s.d.r.c.RepositoryConfigurationDelegate [restartedMain] Multiple Spring Data modules found, entering strict repository configuration mode!
2022-10-03 20:16:55,533 INFO o.s.d.r.c.RepositoryConfigurationDelegate [restartedMain] Bootstrapping Spring Data Redis repositories in DEFAULT mode.
2022-10-03 20:16:55,548 INFO o.s.d.r.c.RepositoryConfigurationExtensionSupport [restartedMain] Spring Data Redis - Could not safely identify store assignment for repository candidate interface com.example.springbootsuperheroes.superheroes.antiHero.repository.AntiHeroRepository. If you want this repository to be a Redis repository, consider annotating your entities with one of these annotations: org.springframework.data.redis.core.RedisHash (preferred), or consider extending one of the following types with your repository: org.springframework.data.keyvalue.repository.KeyValueRepository.
2022-10-03 20:16:55,549 INFO o.s.d.r.c.RepositoryConfigurationExtensionSupport [restartedMain] Spring Data Redis - Could not safely identify store assignment for repository candidate interface com.example.springbootsuperheroes.superheroes.user.repository.UserRepository. If you want this repository to be a Redis repository, consider annotating your entities with one of these annotations: org.springframework.data.redis.core.RedisHash (preferred), or consider extending one of the following types with your repository: org.springframework.data.keyvalue.repository.KeyValueRepository.
2022-10-03 20:16:55,549 INFO o.s.d.r.c.RepositoryConfigurationDelegate [restartedMain] Finished Spring Data repository scanning in 6 ms. Found 0 Redis repository interfaces.
2022-10-03 20:16:56,174 INFO o.s.b.w.e.t.TomcatWebServer [restartedMain] Tomcat initialized with port(s): 8080 (http)
2022-10-03 20:16:56,183 INFO o.a.j.l.DirectJDKLog [restartedMain] Initializing ProtocolHandler ["http-nio-8080"]
2022-10-03 20:16:56,183 INFO o.a.j.l.DirectJDKLog [restartedMain] Starting service [Tomcat]
2022-10-03 20:16:56,184 INFO o.a.j.l.DirectJDKLog [restartedMain] Starting Servlet engine: [Apache Tomcat/9.0.56]
2022-10-03 20:16:56,248 INFO o.a.j.l.DirectJDKLog [restartedMain] Initializing Spring embedded WebApplicationContext
2022-10-03 20:16:56,248 INFO o.s.b.w.s.c.ServletWebServerApplicationContext [restartedMain] Root WebApplicationContext: initialization completed in 1790 ms
2022-10-03 20:16:56,287 INFO c.z.h.HikariDataSource [restartedMain] HikariPool-1 - Starting...
2022-10-03 20:16:56,592 INFO c.z.h.HikariDataSource [restartedMain] HikariPool-1 - Start completed.
2022-10-03 20:16:56,604 INFO o.s.b.a.h.H2ConsoleAutoConfiguration [restartedMain] H2 console available at '/h2-console'. Database available at 'jdbc:postgresql://localhost:5432/springDevDb'
2022-10-03 20:16:56,732 INFO o.h.j.i.u.LogHelper [restartedMain] HHH000204: Processing PersistenceUnitInfo [name: default]
2022-10-03 20:16:56,801 INFO o.h.Version [restartedMain] HHH000412: Hibernate ORM core version 5.6.3.Final
2022-10-03 20:16:57,002 INFO o.h.a.c.r.j.JavaReflectionManager [restartedMain] HCANN000001: Hibernate Commons Annotations {5.1.2.Final}
2022-10-03 20:16:57,135 INFO o.h.d.Dialect [restartedMain] HHH000400: Using dialect: org.hibernate.dialect.PostgreSQLDialect
2022-10-03 20:16:57,869 INFO o.h.e.t.j.p.i.JtaPlatformInitiator [restartedMain] HHH000490: Using JtaPlatform implementation: [org.hibernate.engine.transaction.jta.platform.internal.NoJtaPlatform]
2022-10-03 20:16:57,878 INFO o.s.o.j.AbstractEntityManagerFactoryBean [restartedMain] Initialized JPA EntityManagerFactory for persistence unit 'default'
2022-10-03 20:16:58,341 DEBUG o.s.w.f.GenericFilterBean [restartedMain] Filter 'jwtRequestFilter' configured for use
2022-10-03 20:16:58,496 WARN o.s.b.a.o.j.JpaBaseConfiguration$JpaWebConfiguration [restartedMain] spring.jpa.open-in-view is enabled by default. Therefore, database queries may be performed during view rendering. Explicitly configure spring.jpa.open-in-view to disable this warning
2022-10-03 20:16:59,632 INFO o.s.s.w.DefaultSecurityFilterChain [restartedMain] Will secure Ant [pattern='/**'] with [org.springframework.security.web.context.request.async.WebAsyncManagerIntegrationFilter@155f47ad, org.springframework.security.web.context.SecurityContextPersistenceFilter@243c443c, org.springframework.security.web.header.HeaderWriterFilter@53a21d70, org.springframework.security.web.authentication.logout.LogoutFilter@4e69d4fd, com.example.springbootsuperheroes.superheroes.jwt.filters.JwtRequestFilter@7e32d389, org.springframework.security.web.savedrequest.RequestCacheAwareFilter@45860bcd, org.springframework.security.web.servletapi.SecurityContextHolderAwareRequestFilter@2398065f, org.springframework.security.web.authentication.AnonymousAuthenticationFilter@723a361, org.springframework.security.web.session.SessionManagementFilter@30c61079, org.springframework.security.web.access.ExceptionTranslationFilter@74be3d88, org.springframework.security.web.access.intercept.FilterSecurityInterceptor@2835b562]
2022-10-03 20:16:59,671 INFO o.s.b.d.a.OptionalLiveReloadServer [restartedMain] LiveReload server is running on port 35729
2022-10-03 20:16:59,698 INFO o.a.j.l.DirectJDKLog [restartedMain] Starting ProtocolHandler ["http-nio-8080"]
2022-10-03 20:16:59,716 INFO o.s.b.w.e.t.TomcatWebServer [restartedMain] Tomcat started on port(s): 8080 (http) with context path ''
2022-10-03 20:16:59,728 INFO o.s.b.StartupInfoLogger [restartedMain] Started SuperheroesApplication in 5.816 seconds (JVM running for 7.289)
2022-10-03 20:17:59,220 INFO o.a.j.l.DirectJDKLog [http-nio-8080-exec-1] Initializing Spring DispatcherServlet 'dispatcherServlet'
2022-10-03 20:17:59,221 INFO o.s.w.s.FrameworkServlet [http-nio-8080-exec-1] Initializing Servlet 'dispatcherServlet'
2022-10-03 20:17:59,226 INFO o.s.w.s.FrameworkServlet [http-nio-8080-exec-1] Completed initialization in 5 ms
2022-10-03 20:17:59,687 INFO c.e.s.s.a.c.AntiHeroController [http-nio-8080-exec-4] Using SLF4J: Getting anti-hero list - getAntiHeroes()
2022-10-03 20:17:59,687 INFO c.e.s.s.a.c.AntiHeroController [http-nio-8080-exec-4] Using SLF4J Lombok: Getting anti hero list - getAntiHeroes()
